# JRE version: Java(TM) SE Runtime Environment (8.0_25-b17) (build 1.8.0_25-b17)
# Java VM: Java HotSpot(TM) 64-Bit Server VM (25.25-b02 mixed mode bsd-amd64 compressed oops)
Heap:
 PSYoungGen      total 55296K, used 49657K [0x0000000795580000, 0x000000079a080000, 0x00000007c0000000)
  eden space 50176K, 88% used [0x0000000795580000,0x0000000798102370,0x0000000798680000)
  from space 5120K, 99% used [0x0000000799b80000,0x000000079a07c0f8,0x000000079a080000)
  to   space 5120K, 0% used [0x0000000799680000,0x0000000799680000,0x0000000799b80000)
 ParOldGen       total 56320K, used 6768K [0x0000000740000000, 0x0000000743700000, 0x0000000795580000)
  object space 56320K, 12% used [0x0000000740000000,0x000000074069c368,0x0000000743700000)
 Metaspace       used 31381K, capacity 32458K, committed 32768K, reserved 1077248K
  class space    used 4305K, capacity 4504K, committed 4608K, reserved 1048576K
GC Heap History (10 events):
Event: 4.910 GC heap before
{Heap before GC invocations=1 (full 0):
 PSYoungGen      total 38400K, used 33280K [0x0000000795580000, 0x0000000798000000, 0x00000007c0000000)
  eden space 33280K, 100% used [0x0000000795580000,0x0000000797600000,0x0000000797600000)
  from space 5120K, 0% used [0x0000000797b00000,0x0000000797b00000,0x0000000798000000)
  to   space 5120K, 0% used [0x0000000797600000,0x0000000797600000,0x0000000797b00000)
 ParOldGen       total 87552K, used 0K [0x0000000740000000, 0x0000000745580000, 0x0000000795580000)
  object space 87552K, 0% used [0x0000000740000000,0x0000000740000000,0x0000000745580000)
 Metaspace       used 11667K, capacity 11904K, committed 12032K, reserved 1060864K
  class space    used 1381K, capacity 1466K, committed 1536K, reserved 1048576K
Event: 4.932 GC heap after
Heap after GC invocations=1 (full 0):
 PSYoungGen      total 38400K, used 5045K [0x0000000795580000, 0x0000000798000000, 0x00000007c0000000)
  eden space 33280K, 0% used [0x0000000795580000,0x0000000795580000,0x0000000797600000)
  from space 5120K, 98% used [0x0000000797600000,0x0000000797aed7d8,0x0000000797b00000)
  to   space 5120K, 0% used [0x0000000797b00000,0x0000000797b00000,0x0000000798000000)
 ParOldGen       total 87552K, used 72K [0x0000000740000000, 0x0000000745580000, 0x0000000795580000)
  object space 87552K, 0% used [0x0000000740000000,0x0000000740012010,0x0000000745580000)
 Metaspace       used 11667K, capacity 11904K, committed 12032K, reserved 1060864K
  class space    used 1381K, capacity 1466K, committed 1536K, reserved 1048576K
}
Event: 6.098 GC heap before
{Heap before GC invocations=2 (full 0):
 PSYoungGen      total 38400K, used 38325K [0x0000000795580000, 0x0000000798000000, 0x00000007c0000000)
  eden space 33280K, 100% used [0x0000000795580000,0x0000000797600000,0x0000000797600000)
  from space 5120K, 98% used [0x0000000797600000,0x0000000797aed7d8,0x0000000797b00000)
  to   space 5120K, 0% used [0x0000000797b00000,0x0000000797b00000,0x0000000798000000)
 ParOldGen       total 87552K, used 72K [0x0000000740000000, 0x0000000745580000, 0x0000000795580000)
  object space 87552K, 0% used [0x0000000740000000,0x0000000740012010,0x0000000745580000)
 Metaspace       used 17099K, capacity 17342K, committed 17536K, reserved 1064960K
  class space    used 1999K, capacity 2079K, committed 2176K, reserved 1048576K
Event: 6.117 GC heap after
Heap after GC invocations=2 (full 0):
 PSYoungGen      total 38400K, used 5097K [0x0000000795580000, 0x0000000798000000, 0x00000007c0000000)
  eden space 33280K, 0% used [0x0000000795580000,0x0000000795580000,0x0000000797600000)
  from space 5120K, 99% used [0x0000000797b00000,0x0000000797ffa7d8,0x0000000798000000)
  to   space 5120K, 0% used [0x0000000797600000,0x0000000797600000,0x0000000797b00000)
 ParOldGen       total 87552K, used 2145K [0x0000000740000000, 0x0000000745580000, 0x0000000795580000)
  object space 87552K, 2% used [0x0000000740000000,0x0000000740218670,0x0000000745580000)
 Metaspace       used 17099K, capacity 17342K, committed 17536K, reserved 1064960K
  class space    used 1999K, capacity 2079K, committed 2176K, reserved 1048576K
}
Event: 6.894 GC heap before
{Heap before GC invocations=3 (full 0):
 PSYoungGen      total 38400K, used 24930K [0x0000000795580000, 0x0000000798000000, 0x00000007c0000000)
  eden space 33280K, 59% used [0x0000000795580000,0x00000007968de288,0x0000000797600000)
  from space 5120K, 99% used [0x0000000797b00000,0x0000000797ffa7d8,0x0000000798000000)
  to   space 5120K, 0% used [0x0000000797600000,0x0000000797600000,0x0000000797b00000)
 ParOldGen       total 87552K, used 2145K [0x0000000740000000, 0x0000000745580000, 0x0000000795580000)
  object space 87552K, 2% used [0x0000000740000000,0x0000000740218670,0x0000000745580000)
 Metaspace       used 20698K, capacity 20992K, committed 21248K, reserved 1067008K
  class space    used 2574K, capacity 2689K, committed 2816K, reserved 1048576K
Event: 6.925 GC heap after
Heap after GC invocations=3 (full 0):
 PSYoungGen      total 38400K, used 5104K [0x0000000795580000, 0x000000079a080000, 0x00000007c0000000)
  eden space 33280K, 0% used [0x0000000795580000,0x0000000795580000,0x0000000797600000)
  from space 5120K, 99% used [0x0000000797600000,0x0000000797afc050,0x0000000797b00000)
  to   space 5120K, 0% used [0x0000000799b80000,0x0000000799b80000,0x000000079a080000)
 ParOldGen       total 87552K, used 3064K [0x0000000740000000, 0x0000000745580000, 0x0000000795580000)
  object space 87552K, 3% used [0x0000000740000000,0x00000007402fe060,0x0000000745580000)
 Metaspace       used 20698K, capacity 20992K, committed 21248K, reserved 1067008K
  class space    used 2574K, capacity 2689K, committed 2816K, reserved 1048576K
}
Event: 6.926 GC heap before
{Heap before GC invocations=4 (full 1):
 PSYoungGen      total 38400K, used 5104K [0x0000000795580000, 0x000000079a080000, 0x00000007c0000000)
  eden space 33280K, 0% used [0x0000000795580000,0x0000000795580000,0x0000000797600000)
  from space 5120K, 99% used [0x0000000797600000,0x0000000797afc050,0x0000000797b00000)
  to   space 5120K, 0% used [0x0000000799b80000,0x0000000799b80000,0x000000079a080000)
 ParOldGen       total 87552K, used 3064K [0x0000000740000000, 0x0000000745580000, 0x0000000795580000)
  object space 87552K, 3% used [0x0000000740000000,0x00000007402fe060,0x0000000745580000)
 Metaspace       used 20698K, capacity 20992K, committed 21248K, reserved 1067008K
  class space    used 2574K, capacity 2689K, committed 2816K, reserved 1048576K
Event: 7.032 GC heap after
Heap after GC invocations=4 (full 1):
 PSYoungGen      total 38400K, used 0K [0x0000000795580000, 0x000000079a080000, 0x00000007c0000000)
  eden space 33280K, 0% used [0x0000000795580000,0x0000000795580000,0x0000000797600000)
  from space 5120K, 0% used [0x0000000797600000,0x0000000797600000,0x0000000797b00000)
  to   space 5120K, 0% used [0x0000000799b80000,0x0000000799b80000,0x000000079a080000)
 ParOldGen       total 56320K, used 6033K [0x0000000740000000, 0x0000000743700000, 0x0000000795580000)
  object space 56320K, 10% used [0x0000000740000000,0x00000007405e46a8,0x0000000743700000)
 Metaspace       used 20696K, capacity 20990K, committed 21248K, reserved 1067008K
  class space    used 2573K, capacity 2688K, committed 2816K, reserved 1048576K
}
Event: 12.890 GC heap before
{Heap before GC invocations=5 (full 1):
 PSYoungGen      total 38400K, used 33280K [0x0000000795580000, 0x000000079a080000, 0x00000007c0000000)
  eden space 33280K, 100% used [0x0000000795580000,0x0000000797600000,0x0000000797600000)
  from space 5120K, 0% used [0x0000000797600000,0x0000000797600000,0x0000000797b00000)
  to   space 5120K, 0% used [0x0000000799b80000,0x0000000799b80000,0x000000079a080000)
 ParOldGen       total 56320K, used 6033K [0x0000000740000000, 0x0000000743700000, 0x0000000795580000)
  object space 56320K, 10% used [0x0000000740000000,0x00000007405e46a8,0x0000000743700000)
 Metaspace       used 27645K, capacity 28264K, committed 28544K, reserved 1073152K
  class space    used 3702K, capacity 3853K, committed 3968K, reserved 1048576K
Event: 12.905 GC heap after
Heap after GC invocations=5 (full 1):
 PSYoungGen      total 55296K, used 5104K [0x0000000795580000, 0x000000079a080000, 0x00000007c0000000)
  eden space 50176K, 0% used [0x0000000795580000,0x0000000795580000,0x0000000798680000)
  from space 5120K, 99% used [0x0000000799b80000,0x000000079a07c0f8,0x000000079a080000)
  to   space 5120K, 0% used [0x0000000799680000,0x0000000799680000,0x0000000799b80000)
 ParOldGen       total 56320K, used 6768K [0x0000000740000000, 0x0000000743700000, 0x0000000795580000)
  object space 56320K, 12% used [0x0000000740000000,0x000000074069c368,0x0000000743700000)
 Metaspace       used 27645K, capacity 28264K, committed 28544K, reserved 1073152K
  class space    used 3702K, capacity 3853K, committed 3968K, reserved 1048576K
}

