# JRE version: Java(TM) SE Runtime Environment (8.0_25-b17) (build 1.8.0_25-b17)
# Java VM: Java HotSpot(TM) 64-Bit Server VM (25.25-b02 mixed mode bsd-amd64 compressed oops)
Heap:
 PSYoungGen      total 54784K, used 11958K [0x0000000795580000, 0x000000079a080000, 0x00000007c0000000)
  eden space 49664K, 13% used [0x0000000795580000,0x0000000795c339a0,0x0000000798600000)
  from space 5120K, 99% used [0x0000000799b80000,0x000000079a079f18,0x000000079a080000)
  to   space 5120K, 0% used [0x0000000799680000,0x0000000799680000,0x0000000799b80000)
 ParOldGen       total 56832K, used 6010K [0x0000000740000000, 0x0000000743780000, 0x0000000795580000)
  object space 56832K, 10% used [0x0000000740000000,0x00000007405deaf8,0x0000000743780000)
 Metaspace       used 28294K, capacity 29026K, committed 29184K, reserved 1075200K
  class space    used 3855K, capacity 4020K, committed 4096K, reserved 1048576K
GC Heap History (10 events):
Event: 5.781 GC heap before
{Heap before GC invocations=1 (full 0):
 PSYoungGen      total 38400K, used 33280K [0x0000000795580000, 0x0000000798000000, 0x00000007c0000000)
  eden space 33280K, 100% used [0x0000000795580000,0x0000000797600000,0x0000000797600000)
  from space 5120K, 0% used [0x0000000797b00000,0x0000000797b00000,0x0000000798000000)
  to   space 5120K, 0% used [0x0000000797600000,0x0000000797600000,0x0000000797b00000)
 ParOldGen       total 87552K, used 0K [0x0000000740000000, 0x0000000745580000, 0x0000000795580000)
  object space 87552K, 0% used [0x0000000740000000,0x0000000740000000,0x0000000745580000)
 Metaspace       used 11745K, capacity 11968K, committed 12288K, reserved 1060864K
  class space    used 1395K, capacity 1466K, committed 1536K, reserved 1048576K
Event: 5.807 GC heap after
Heap after GC invocations=1 (full 0):
 PSYoungGen      total 38400K, used 5111K [0x0000000795580000, 0x0000000798000000, 0x00000007c0000000)
  eden space 33280K, 0% used [0x0000000795580000,0x0000000795580000,0x0000000797600000)
  from space 5120K, 99% used [0x0000000797600000,0x0000000797afdff8,0x0000000797b00000)
  to   space 5120K, 0% used [0x0000000797b00000,0x0000000797b00000,0x0000000798000000)
 ParOldGen       total 87552K, used 133K [0x0000000740000000, 0x0000000745580000, 0x0000000795580000)
  object space 87552K, 0% used [0x0000000740000000,0x00000007400217e0,0x0000000745580000)
 Metaspace       used 11745K, capacity 11968K, committed 12288K, reserved 1060864K
  class space    used 1395K, capacity 1466K, committed 1536K, reserved 1048576K
}
Event: 7.972 GC heap before
{Heap before GC invocations=2 (full 0):
 PSYoungGen      total 38400K, used 38391K [0x0000000795580000, 0x0000000798000000, 0x00000007c0000000)
  eden space 33280K, 100% used [0x0000000795580000,0x0000000797600000,0x0000000797600000)
  from space 5120K, 99% used [0x0000000797600000,0x0000000797afdff8,0x0000000797b00000)
  to   space 5120K, 0% used [0x0000000797b00000,0x0000000797b00000,0x0000000798000000)
 ParOldGen       total 87552K, used 133K [0x0000000740000000, 0x0000000745580000, 0x0000000795580000)
  object space 87552K, 0% used [0x0000000740000000,0x00000007400217e0,0x0000000745580000)
 Metaspace       used 17141K, capacity 17364K, committed 17536K, reserved 1064960K
  class space    used 2016K, capacity 2110K, committed 2176K, reserved 1048576K
Event: 8.014 GC heap after
Heap after GC invocations=2 (full 0):
 PSYoungGen      total 38400K, used 5114K [0x0000000795580000, 0x000000079a080000, 0x00000007c0000000)
  eden space 33280K, 0% used [0x0000000795580000,0x0000000795580000,0x0000000797600000)
  from space 5120K, 99% used [0x0000000797b00000,0x0000000797ffeb80,0x0000000798000000)
  to   space 5120K, 0% used [0x0000000797600000,0x0000000797600000,0x0000000797b00000)
 ParOldGen       total 87552K, used 2022K [0x0000000740000000, 0x0000000745580000, 0x0000000795580000)
  object space 87552K, 2% used [0x0000000740000000,0x00000007401f9bc0,0x0000000745580000)
 Metaspace       used 17141K, capacity 17364K, committed 17536K, reserved 1064960K
  class space    used 2016K, capacity 2110K, committed 2176K, reserved 1048576K
}
Event: 9.255 GC heap before
{Heap before GC invocations=3 (full 0):
 PSYoungGen      total 38400K, used 19826K [0x0000000795580000, 0x000000079a080000, 0x00000007c0000000)
  eden space 33280K, 44% used [0x0000000795580000,0x00000007963ddfb0,0x0000000797600000)
  from space 5120K, 99% used [0x0000000797b00000,0x0000000797ffeb80,0x0000000798000000)
  to   space 5120K, 0% used [0x0000000797600000,0x0000000797600000,0x0000000797b00000)
 ParOldGen       total 87552K, used 2022K [0x0000000740000000, 0x0000000745580000, 0x0000000795580000)
  object space 87552K, 2% used [0x0000000740000000,0x00000007401f9bc0,0x0000000745580000)
 Metaspace       used 20857K, capacity 21178K, committed 21248K, reserved 1067008K
  class space    used 2657K, capacity 2792K, committed 2816K, reserved 1048576K
Event: 9.276 GC heap after
Heap after GC invocations=3 (full 0):
 PSYoungGen      total 38400K, used 5088K [0x0000000795580000, 0x000000079a080000, 0x00000007c0000000)
  eden space 33280K, 0% used [0x0000000795580000,0x0000000795580000,0x0000000797600000)
  from space 5120K, 99% used [0x0000000797600000,0x0000000797af8080,0x0000000797b00000)
  to   space 5120K, 0% used [0x0000000799b80000,0x0000000799b80000,0x000000079a080000)
 ParOldGen       total 87552K, used 2787K [0x0000000740000000, 0x0000000745580000, 0x0000000795580000)
  object space 87552K, 3% used [0x0000000740000000,0x00000007402b8fc8,0x0000000745580000)
 Metaspace       used 20857K, capacity 21178K, committed 21248K, reserved 1067008K
  class space    used 2657K, capacity 2792K, committed 2816K, reserved 1048576K
}
Event: 9.276 GC heap before
{Heap before GC invocations=4 (full 1):
 PSYoungGen      total 38400K, used 5088K [0x0000000795580000, 0x000000079a080000, 0x00000007c0000000)
  eden space 33280K, 0% used [0x0000000795580000,0x0000000795580000,0x0000000797600000)
  from space 5120K, 99% used [0x0000000797600000,0x0000000797af8080,0x0000000797b00000)
  to   space 5120K, 0% used [0x0000000799b80000,0x0000000799b80000,0x000000079a080000)
 ParOldGen       total 87552K, used 2787K [0x0000000740000000, 0x0000000745580000, 0x0000000795580000)
  object space 87552K, 3% used [0x0000000740000000,0x00000007402b8fc8,0x0000000745580000)
 Metaspace       used 20857K, capacity 21178K, committed 21248K, reserved 1067008K
  class space    used 2657K, capacity 2792K, committed 2816K, reserved 1048576K
Event: 9.377 GC heap after
Heap after GC invocations=4 (full 1):
 PSYoungGen      total 38400K, used 0K [0x0000000795580000, 0x000000079a080000, 0x00000007c0000000)
  eden space 33280K, 0% used [0x0000000795580000,0x0000000795580000,0x0000000797600000)
  from space 5120K, 0% used [0x0000000797600000,0x0000000797600000,0x0000000797b00000)
  to   space 5120K, 0% used [0x0000000799b80000,0x0000000799b80000,0x000000079a080000)
 ParOldGen       total 56832K, used 5866K [0x0000000740000000, 0x0000000743780000, 0x0000000795580000)
  object space 56832K, 10% used [0x0000000740000000,0x00000007405ba988,0x0000000743780000)
 Metaspace       used 20855K, capacity 21176K, committed 21248K, reserved 1067008K
  class space    used 2656K, capacity 2791K, committed 2816K, reserved 1048576K
}
Event: 17.817 GC heap before
{Heap before GC invocations=5 (full 1):
 PSYoungGen      total 38400K, used 33280K [0x0000000795580000, 0x000000079a080000, 0x00000007c0000000)
  eden space 33280K, 100% used [0x0000000795580000,0x0000000797600000,0x0000000797600000)
  from space 5120K, 0% used [0x0000000797600000,0x0000000797600000,0x0000000797b00000)
  to   space 5120K, 0% used [0x0000000799b80000,0x0000000799b80000,0x000000079a080000)
 ParOldGen       total 56832K, used 5866K [0x0000000740000000, 0x0000000743780000, 0x0000000795580000)
  object space 56832K, 10% used [0x0000000740000000,0x00000007405ba988,0x0000000743780000)
 Metaspace       used 27298K, capacity 27936K, committed 28160K, reserved 1073152K
  class space    used 3690K, capacity 3827K, committed 3840K, reserved 1048576K
Event: 17.839 GC heap after
Heap after GC invocations=5 (full 1):
 PSYoungGen      total 54784K, used 5095K [0x0000000795580000, 0x000000079a080000, 0x00000007c0000000)
  eden space 49664K, 0% used [0x0000000795580000,0x0000000795580000,0x0000000798600000)
  from space 5120K, 99% used [0x0000000799b80000,0x000000079a079f18,0x000000079a080000)
  to   space 5120K, 0% used [0x0000000799680000,0x0000000799680000,0x0000000799b80000)
 ParOldGen       total 56832K, used 6010K [0x0000000740000000, 0x0000000743780000, 0x0000000795580000)
  object space 56832K, 10% used [0x0000000740000000,0x00000007405deaf8,0x0000000743780000)
 Metaspace       used 27298K, capacity 27936K, committed 28160K, reserved 1073152K
  class space    used 3690K, capacity 3827K, committed 3840K, reserved 1048576K
}

